[07:41:08] [main/INFO]: Using mbed TLS based native cipher.
[07:41:08] [main/INFO]: Using zlib based native compressor.
[07:41:08] [main/INFO]: Enabled Waterfall version git:Waterfall-Bootstrap:1.17-R0.1-SNAPSHOT:4a906e1:435
[07:41:09] [main/INFO]: Not on Windows, attempting to use enhanced EpollEventLoop
[07:41:09] [main/INFO]: Epoll is working, utilising it!
[07:41:09] [main/INFO]: Discovered module: ModuleSpec(name=cmd_alert, file=modules/cmd_alert.jar, provider=JenkinsModuleSource())
[07:41:09] [main/INFO]: Discovered module: ModuleSpec(name=cmd_find, file=modules/cmd_find.jar, provider=JenkinsModuleSource())
[07:41:09] [main/INFO]: Discovered module: ModuleSpec(name=cmd_list, file=modules/cmd_list.jar, provider=JenkinsModuleSource())
[07:41:09] [main/INFO]: Discovered module: ModuleSpec(name=cmd_send, file=modules/cmd_send.jar, provider=JenkinsModuleSource())
[07:41:09] [main/INFO]: Discovered module: ModuleSpec(name=cmd_server, file=modules/cmd_server.jar, provider=JenkinsModuleSource())
[07:41:09] [main/INFO]: Discovered module: ModuleSpec(name=reconnect_yaml, file=modules/reconnect_yaml.jar, provider=JenkinsModuleSource())
[07:41:09] [main/INFO]: Loaded plugin reconnect_yaml version git:reconnect_yaml:1.17-R0.1-SNAPSHOT:4a906e1:435 by WaterfallMC
[07:41:09] [main/INFO]: Loaded plugin cmd_find version git:cmd_find:1.17-R0.1-SNAPSHOT:4a906e1:435 by WaterfallMC
[07:41:09] [main/INFO]: Loaded plugin cmd_server version git:cmd_server:1.17-R0.1-SNAPSHOT:4a906e1:435 by WaterfallMC
[07:41:09] [main/INFO]: Loaded plugin cmd_alert version git:cmd_alert:1.17-R0.1-SNAPSHOT:4a906e1:435 by WaterfallMC
[07:41:09] [main/INFO]: Loaded plugin cmd_send version git:cmd_send:1.17-R0.1-SNAPSHOT:4a906e1:435 by WaterfallMC
[07:41:09] [main/INFO]: Loaded plugin cmd_list version git:cmd_list:1.17-R0.1-SNAPSHOT:4a906e1:435 by WaterfallMC
[07:41:09] [main/WARN]: Forced host server pvp is not defined
[07:41:09] [main/INFO]: Enabled plugin reconnect_yaml version git:reconnect_yaml:1.17-R0.1-SNAPSHOT:4a906e1:435 by WaterfallMC
[07:41:09] [main/INFO]: Enabled plugin cmd_find version git:cmd_find:1.17-R0.1-SNAPSHOT:4a906e1:435 by WaterfallMC
[07:41:09] [main/INFO]: Enabled plugin cmd_server version git:cmd_server:1.17-R0.1-SNAPSHOT:4a906e1:435 by WaterfallMC
[07:41:09] [main/INFO]: Enabled plugin cmd_alert version git:cmd_alert:1.17-R0.1-SNAPSHOT:4a906e1:435 by WaterfallMC
[07:41:09] [main/INFO]: Enabled plugin cmd_send version git:cmd_send:1.17-R0.1-SNAPSHOT:4a906e1:435 by WaterfallMC
[07:41:09] [main/INFO]: Enabled plugin cmd_list version git:cmd_list:1.17-R0.1-SNAPSHOT:4a906e1:435 by WaterfallMC
[07:41:09] [Netty Boss IO Thread #0/INFO]: Listening on /0.0.0.0:25577
